2026-04-25 13:08:46,064 - main - INFO - API load-auction-data called with 9 stocks, days=30
2026-04-25 13:08:56,430 - main - INFO - 获取到 30 个交易日
2026-04-25 13:12:57,070 - apscheduler.scheduler - INFO - Adding job tentatively -- it will be properly scheduled when the scheduler starts
2026-04-25 13:12:57,070 - apscheduler.scheduler - INFO - Added job "run_strategy" to job store "default"
2026-04-25 13:12:57,070 - apscheduler.scheduler - INFO - Scheduler started
2026-04-25 13:12:57,071 - __mp_main__ - INFO - Scheduler started
2026-04-25 13:12:57,199 - apscheduler.scheduler - INFO - Adding job tentatively -- it will be properly scheduled when the scheduler starts
2026-04-25 13:12:57,200 - apscheduler.scheduler - INFO - Added job "run_strategy" to job store "default"
2026-04-25 13:12:57,200 - apscheduler.scheduler - INFO - Scheduler started
2026-04-25 13:12:57,201 - main - INFO - Scheduler started
2026-04-25 13:24:27,699 - apscheduler.scheduler - INFO - Adding job tentatively -- it will be properly scheduled when the scheduler starts
2026-04-25 13:24:27,699 - apscheduler.scheduler - INFO - Added job "run_strategy" to job store "default"
2026-04-25 13:24:27,699 - apscheduler.scheduler - INFO - Scheduler started
2026-04-25 13:24:27,700 - __mp_main__ - INFO - Scheduler started
2026-04-25 13:24:27,819 - apscheduler.scheduler - INFO - Adding job tentatively -- it will be properly scheduled when the scheduler starts
2026-04-25 13:24:27,820 - apscheduler.scheduler - INFO - Added job "run_strategy" to job store "default"
2026-04-25 13:24:27,820 - apscheduler.scheduler - INFO - Scheduler started
2026-04-25 13:24:27,821 - main - INFO - Scheduler started
2026-04-25 13:24:36,610 - apscheduler.scheduler - INFO - Adding job tentatively -- it will be properly scheduled when the scheduler starts
2026-04-25 13:24:36,610 - apscheduler.scheduler - INFO - Added job "run_strategy" to job store "default"
2026-04-25 13:24:36,610 - apscheduler.scheduler - INFO - Scheduler started
2026-04-25 13:24:36,611 - __mp_main__ - INFO - Scheduler started
2026-04-25 13:24:36,731 - apscheduler.scheduler - INFO - Adding job tentatively -- it will be properly scheduled when the scheduler starts
2026-04-25 13:24:36,732 - apscheduler.scheduler - INFO - Added job "run_strategy" to job store "default"
2026-04-25 13:24:36,732 - apscheduler.scheduler - INFO - Scheduler started
2026-04-25 13:24:36,733 - main - INFO - Scheduler started
2026-04-25 13:24:56,026 - apscheduler.scheduler - INFO - Adding job tentatively -- it will be properly scheduled when the scheduler starts
2026-04-25 13:24:56,027 - apscheduler.scheduler - INFO - Added job "run_strategy" to job store "default"
2026-04-25 13:24:56,027 - apscheduler.scheduler - INFO - Scheduler started
2026-04-25 13:24:56,027 - __mp_main__ - INFO - Scheduler started
2026-04-25 13:24:56,156 - apscheduler.scheduler - INFO - Adding job tentatively -- it will be properly scheduled when the scheduler starts
2026-04-25 13:24:56,157 - apscheduler.scheduler - INFO - Added job "run_strategy" to job store "default"
2026-04-25 13:24:56,157 - apscheduler.scheduler - INFO - Scheduler started
2026-04-25 13:24:56,158 - main - INFO - Scheduler started
2026-04-25 13:25:12,325 - apscheduler.scheduler - INFO - Adding job tentatively -- it will be properly scheduled when the scheduler starts
2026-04-25 13:25:12,325 - apscheduler.scheduler - INFO - Added job "run_strategy" to job store "default"
2026-04-25 13:25:12,325 - apscheduler.scheduler - INFO - Scheduler started
2026-04-25 13:25:12,326 - __mp_main__ - INFO - Scheduler started
2026-04-25 13:25:12,454 - apscheduler.scheduler - INFO - Adding job tentatively -- it will be properly scheduled when the scheduler starts
2026-04-25 13:25:12,455 - apscheduler.scheduler - INFO - Added job "run_strategy" to job store "default"
2026-04-25 13:25:12,455 - apscheduler.scheduler - INFO - Scheduler started
2026-04-25 13:25:12,455 - main - INFO - Scheduler started
2026-04-25 13:25:32,578 - apscheduler.scheduler - INFO - Adding job tentatively -- it will be properly scheduled when the scheduler starts
2026-04-25 13:25:32,578 - apscheduler.scheduler - INFO - Added job "run_strategy" to job store "default"
2026-04-25 13:25:32,578 - apscheduler.scheduler - INFO - Scheduler started
2026-04-25 13:25:32,579 - __mp_main__ - INFO - Scheduler started
2026-04-25 13:25:32,700 - apscheduler.scheduler - INFO - Adding job tentatively -- it will be properly scheduled when the scheduler starts
2026-04-25 13:25:32,700 - apscheduler.scheduler - INFO - Added job "run_strategy" to job store "default"
2026-04-25 13:25:32,700 - apscheduler.scheduler - INFO - Scheduler started
2026-04-25 13:25:32,701 - main - INFO - Scheduler started
2026-04-25 13:25:49,474 - apscheduler.scheduler - INFO - Adding job tentatively -- it will be properly scheduled when the scheduler starts
2026-04-25 13:25:49,474 - apscheduler.scheduler - INFO - Added job "run_strategy" to job store "default"
2026-04-25 13:25:49,475 - apscheduler.scheduler - INFO - Scheduler started
2026-04-25 13:25:49,475 - __mp_main__ - INFO - Scheduler started
2026-04-25 13:25:49,594 - apscheduler.scheduler - INFO - Adding job tentatively -- it will be properly scheduled when the scheduler starts
2026-04-25 13:25:49,594 - apscheduler.scheduler - INFO - Added job "run_strategy" to job store "default"
2026-04-25 13:25:49,595 - apscheduler.scheduler - INFO - Scheduler started
2026-04-25 13:25:49,595 - main - INFO - Scheduler started
2026-04-25 13:26:06,787 - apscheduler.scheduler - INFO - Adding job tentatively -- it will be properly scheduled when the scheduler starts
2026-04-25 13:26:06,787 - apscheduler.scheduler - INFO - Added job "run_strategy" to job store "default"
2026-04-25 13:26:06,787 - apscheduler.scheduler - INFO - Scheduler started
2026-04-25 13:26:06,788 - __mp_main__ - INFO - Scheduler started
2026-04-25 13:26:06,912 - apscheduler.scheduler - INFO - Adding job tentatively -- it will be properly scheduled when the scheduler starts
2026-04-25 13:26:06,912 - apscheduler.scheduler - INFO - Added job "run_strategy" to job store "default"
2026-04-25 13:26:06,913 - apscheduler.scheduler - INFO - Scheduler started
2026-04-25 13:26:06,913 - main - INFO - Scheduler started
2026-04-25 13:26:19,323 - apscheduler.scheduler - INFO - Adding job tentatively -- it will be properly scheduled when the scheduler starts
2026-04-25 13:26:19,324 - apscheduler.scheduler - INFO - Added job "run_strategy" to job store "default"
2026-04-25 13:26:19,324 - apscheduler.scheduler - INFO - Scheduler started
2026-04-25 13:26:19,324 - __mp_main__ - INFO - Scheduler started
2026-04-25 13:26:19,445 - apscheduler.scheduler - INFO - Adding job tentatively -- it will be properly scheduled when the scheduler starts
2026-04-25 13:26:19,446 - apscheduler.scheduler - INFO - Added job "run_strategy" to job store "default"
2026-04-25 13:26:19,446 - apscheduler.scheduler - INFO - Scheduler started
2026-04-25 13:26:19,446 - main - INFO - Scheduler started
2026-04-25 13:26:29,829 - apscheduler.scheduler - INFO - Adding job tentatively -- it will be properly scheduled when the scheduler starts
2026-04-25 13:26:29,830 - apscheduler.scheduler - INFO - Added job "run_strategy" to job store "default"
2026-04-25 13:26:29,830 - apscheduler.scheduler - INFO - Scheduler started
2026-04-25 13:26:29,830 - __mp_main__ - INFO - Scheduler started
2026-04-25 13:26:29,952 - apscheduler.scheduler - INFO - Adding job tentatively -- it will be properly scheduled when the scheduler starts
2026-04-25 13:26:29,952 - apscheduler.scheduler - INFO - Added job "run_strategy" to job store "default"
2026-04-25 13:26:29,953 - apscheduler.scheduler - INFO - Scheduler started
2026-04-25 13:26:29,953 - main - INFO - Scheduler started
2026-04-25 13:31:53,525 - apscheduler.scheduler - INFO - Adding job tentatively -- it will be properly scheduled when the scheduler starts
2026-04-25 13:31:53,526 - apscheduler.scheduler - INFO - Added job "run_strategy" to job store "default"
2026-04-25 13:31:53,526 - apscheduler.scheduler - INFO - Scheduler started
2026-04-25 13:31:53,526 - __mp_main__ - INFO - Scheduler started
2026-04-25 13:31:53,717 - apscheduler.scheduler - INFO - Adding job tentatively -- it will be properly scheduled when the scheduler starts
2026-04-25 13:31:53,718 - apscheduler.scheduler - INFO - Added job "run_strategy" to job store "default"
2026-04-25 13:31:53,718 - apscheduler.scheduler - INFO - Scheduler started
2026-04-25 13:31:53,719 - main - INFO - Scheduler started
2026-04-25 13:32:07,810 - apscheduler.scheduler - INFO - Adding job tentatively -- it will be properly scheduled when the scheduler starts
2026-04-25 13:32:07,811 - apscheduler.scheduler - INFO - Added job "run_strategy" to job store "default"
2026-04-25 13:32:07,811 - apscheduler.scheduler - INFO - Scheduler started
2026-04-25 13:32:07,811 - __mp_main__ - INFO - Scheduler started
2026-04-25 13:32:07,939 - apscheduler.scheduler - INFO - Adding job tentatively -- it will be properly scheduled when the scheduler starts
2026-04-25 13:32:07,940 - apscheduler.scheduler - INFO - Added job "run_strategy" to job store "default"
2026-04-25 13:32:07,940 - apscheduler.scheduler - INFO - Scheduler started
2026-04-25 13:32:07,941 - main - INFO - Scheduler started
2026-04-25 13:32:16,666 - apscheduler.scheduler - INFO - Adding job tentatively -- it will be properly scheduled when the scheduler starts
2026-04-25 13:32:16,667 - apscheduler.scheduler - INFO - Added job "run_strategy" to job store "default"
2026-04-25 13:32:16,667 - apscheduler.scheduler - INFO - Scheduler started
2026-04-25 13:32:16,668 - __mp_main__ - INFO - Scheduler started
2026-04-25 13:32:16,803 - apscheduler.scheduler - INFO - Adding job tentatively -- it will be properly scheduled when the scheduler starts
2026-04-25 13:32:16,803 - apscheduler.scheduler - INFO - Added job "run_strategy" to job store "default"
2026-04-25 13:32:16,803 - apscheduler.scheduler - INFO - Scheduler started
2026-04-25 13:32:16,804 - main - INFO - Scheduler started
2026-04-25 13:32:25,807 - apscheduler.scheduler - INFO - Adding job tentatively -- it will be properly scheduled when the scheduler starts
2026-04-25 13:32:25,808 - apscheduler.scheduler - INFO - Added job "run_strategy" to job store "default"
2026-04-25 13:32:25,808 - apscheduler.scheduler - INFO - Scheduler started
2026-04-25 13:32:25,808 - __mp_main__ - INFO - Scheduler started
2026-04-25 13:32:25,930 - apscheduler.scheduler - INFO - Adding job tentatively -- it will be properly scheduled when the scheduler starts
2026-04-25 13:32:25,931 - apscheduler.scheduler - INFO - Added job "run_strategy" to job store "default"
2026-04-25 13:32:25,931 - apscheduler.scheduler - INFO - Scheduler started
2026-04-25 13:32:25,932 - main - INFO - Scheduler started
2026-04-25 13:32:34,278 - apscheduler.scheduler - INFO - Adding job tentatively -- it will be properly scheduled when the scheduler starts
2026-04-25 13:32:34,278 - apscheduler.scheduler - INFO - Added job "run_strategy" to job store "default"
2026-04-25 13:32:34,278 - apscheduler.scheduler - INFO - Scheduler started
2026-04-25 13:32:34,279 - __mp_main__ - INFO - Scheduler started
2026-04-25 13:32:34,399 - apscheduler.scheduler - INFO - Adding job tentatively -- it will be properly scheduled when the scheduler starts
2026-04-25 13:32:34,399 - apscheduler.scheduler - INFO - Added job "run_strategy" to job store "default"
2026-04-25 13:32:34,399 - apscheduler.scheduler - INFO - Scheduler started
2026-04-25 13:32:34,400 - main - INFO - Scheduler started
2026-04-25 13:32:42,748 - apscheduler.scheduler - INFO - Adding job tentatively -- it will be properly scheduled when the scheduler starts
2026-04-25 13:32:42,748 - apscheduler.scheduler - INFO - Added job "run_strategy" to job store "default"
2026-04-25 13:32:42,749 - apscheduler.scheduler - INFO - Scheduler started
2026-04-25 13:32:42,749 - __mp_main__ - INFO - Scheduler started
2026-04-25 13:32:42,876 - apscheduler.scheduler - INFO - Adding job tentatively -- it will be properly scheduled when the scheduler starts
2026-04-25 13:32:42,877 - apscheduler.scheduler - INFO - Added job "run_strategy" to job store "default"
2026-04-25 13:32:42,877 - apscheduler.scheduler - INFO - Scheduler started
2026-04-25 13:32:42,877 - main - INFO - Scheduler started
2026-04-25 13:33:22,233 - main - INFO - API get-trade-dates called
2026-04-25 13:33:22,234 - main - WARNING - Trade dates CSV not found: F:\gupiao\stock_view\backend\baostock_data\a_stock_trade_days_2026.csv
2026-04-25 13:33:22,275 - main - INFO - API get-block-list called
2026-04-25 13:33:22,279 - main - INFO - Returning 604 blocks from database
2026-04-25 13:33:22,436 - main - INFO - API get-data called
2026-04-25 13:33:22,439 - main - INFO - Returning 16 rows from database
2026-04-25 13:33:25,980 - main - INFO - API get-block-list called
2026-04-25 13:33:25,981 - main - INFO - API get-filter-stocks called
2026-04-25 13:33:25,983 - main - INFO - Returning 9 filter stocks from database (type=2)
2026-04-25 13:33:25,983 - main - INFO - Returning 604 blocks from database
2026-04-25 13:33:31,208 - main - INFO - API load-auction-data called with 9 stocks, days=30
2026-04-25 13:33:34,205 - main - INFO - 获取到 30 个交易日
2026-04-25 13:34:33,343 - main - INFO - API get-trade-dates called
2026-04-25 13:34:33,343 - main - WARNING - Trade dates CSV not found: F:\gupiao\stock_view\backend\baostock_data\a_stock_trade_days_2026.csv
2026-04-25 13:34:33,379 - main - INFO - API get-block-list called
2026-04-25 13:34:33,383 - main - INFO - Returning 604 blocks from database
2026-04-25 13:34:33,503 - main - INFO - API get-data called
2026-04-25 13:34:33,505 - main - INFO - Returning 16 rows from database
2026-04-25 13:34:33,999 - main - INFO - API get-block-list called
2026-04-25 13:34:34,000 - main - INFO - API get-filter-stocks called
2026-04-25 13:34:34,001 - main - INFO - Returning 9 filter stocks from database (type=2)
2026-04-25 13:34:34,002 - main - INFO - Returning 604 blocks from database
2026-04-25 13:34:43,668 - main - INFO - API load-auction-data called with 9 stocks, days=30
2026-04-25 13:34:44,469 - main - INFO - 获取到 30 个交易日
2026-04-25 13:35:08,708 - main - INFO - API filter-stocks called with recent_days=50, max_gain=30.0, daily_gain_days=5, daily_gain_threshold=7.0, price_ratio=80.0, block_codes=880656,880670,880672, only_main_board=True
2026-04-25 13:35:08,711 - main - INFO - 从数据库中获取到 367 只股票（来自 3 个板块）
2026-04-25 13:35:08,711 - main - INFO - 主板过滤：从 367 只股票中筛选出 156 只主板股票
2026-04-25 13:35:11,489 - main - INFO - Filter completed, found 28 stocks
2026-04-25 13:35:11,500 - main - INFO - API save-filter-stocks called with 28 stocks
2026-04-25 13:35:11,502 - main - INFO - Saved 28 filter stocks to database (type=2)
2026-04-25 13:35:13,825 - main - INFO - API load-auction-data called with 28 stocks, days=30
2026-04-25 13:35:14,324 - main - INFO - 获取到 30 个交易日
2026-04-25 13:37:44,838 - apscheduler.scheduler - INFO - Adding job tentatively -- it will be properly scheduled when the scheduler starts
2026-04-25 13:37:44,839 - apscheduler.scheduler - INFO - Added job "run_strategy" to job store "default"
2026-04-25 13:37:44,839 - apscheduler.scheduler - INFO - Scheduler started
2026-04-25 13:37:44,840 - __mp_main__ - INFO - Scheduler started
2026-04-25 13:37:44,974 - apscheduler.scheduler - INFO - Adding job tentatively -- it will be properly scheduled when the scheduler starts
2026-04-25 13:37:44,975 - apscheduler.scheduler - INFO - Added job "run_strategy" to job store "default"
2026-04-25 13:37:44,975 - apscheduler.scheduler - INFO - Scheduler started
2026-04-25 13:37:44,975 - main - INFO - Scheduler started
